2018-03-16 2018-03-15
005217 建信福泽安泰混合(FOF) null
005215 南方全天候策略(FOF)A null
005216 南方全天候策略(FOF)C null
005220 海富通聚优精选混合(FOF) null
001274 民生加银新动力混合D null
001428 工银瑞信灵活配置混合B null
002166 华夏永福养老理财混合C null
002437 上投摩根天颐年丰混合C null
002834 华夏新锦绣混合C null
001774 招商丰庆混合C null
003699 华夏新锦祥混合C null
002839 华夏新锦程混合C null
003907 华夏新锦图混合C null
004095 招商丰诚灵活混合C null
001523 博时新策略灵活配置混合C null
004051 华夏新锦升混合C null
004049 华夏新锦汇混合C null
005221 泰达宏利全能混合(FOF)A null
005222 泰达宏利全能混合(FOF)C null
005218 华夏聚惠(FOF)A null
005156 嘉实领航资产配置混合A null
005157 嘉实领航资产配置混合C null
005219 华夏聚惠(FOF)C null
004675 富国新机遇灵活配置混合C null
